{"logTime": "0314/174322", "correlationVector":"N14DG/GX9XtXAPNkPp2wKD.1","action":"SyncServerConnectionManagerRequest", "result":"SYNC_SERVER_OK", "context":{"environment":"Prod_westeurope_prod-s01-079-eur-westeurope", "migrationStage":"NotStarted", "server":"akswtt00600005d"}}
{"logTime": "0314/174322", "correlationVector":"N14DG/GX9XtXAPNkPp2wKD.2","action":"ProcessGetUpdates", "result":"Done", "context":{"dataType":"Encryption Keys", "deleted":"0", "process_failed_to_decrypt":"0", "process_pending_decryption":"0", "process_success":"1", "total":"1"}}
{"logTime": "0314/174322", "correlationVector":"cGG0Y1HjLTZurkMBsaJDIK","action":"SyncServerConnectionManagerRequest", "result":"SYNC_SERVER_OK", "context":{"environment":"", "migrationStage":"", "server":""}}
{"logTime": "0314/174322", "correlationVector":"cGG0Y1HjLTZurkMBsaJDIK.0","action":"EncryptionKeysFetcher.DownloadKeys:", "result":"Success", "context":Key count: 7, Last key timestamp: 2024-09-16T15:32:28Z}
{"logTime": "0314/174322", "correlationVector":"cGG0Y1HjLTZurkMBsaJDIK.1","action":"EncryptionKeysManager::SetEncryptionKeys:", "result":"Success", "context":Key names[7]:[rizJQMwJOGmPiOna0wFlIP/pZJ9WD79FpMN7/fQeMq/O2Z1gLxse2yoneNJ9RFFmq8SZeLju/V1lkx65rKDtLw==][eC73DrX0kG2OTiiWc/59pWR3SP/MFr862+y0GMvXaoVwzolDHEAVrEN4okKpQhqDabMXw7e1FSra4wQZ+VZ/1g==][uOuKWbojZT8yug7Nk+FOqGbYJ71FUUJiCjLgjOKG+oSrcaSB4dmOmtGfg9zpqiyXwSYDXB6TVMGCIyvP1F1wsw==][kwZOaQWga9UrXrr0pHVILffwAJSHi1+fJSvRwodYVPaXHZOXCXkM0FxtvWkONrMGFakPBmg9xugsEagwNR015w==][DkY34oTprwh+b+UHz5JmR8Ap+ItMXFEWBb5ONdkxT+zZvwU8OYKemeIxEeYWUXh8Yi7LFGFlWsVyVODKc/vuGQ==][0jY58tPUuDgZDIV+vtWzywdXPSEXKh3Z1ybZjTlr1QPIP0PLBrabKGcR0kUaEkkdtKBNg7SloXHQCwPBIEfg9Q==][9+iO5Iz5MnfAxMJGbDVp1FpkTrUXPNvAk1sK5/L7Ptkwr8lJFI4hayeqB1/778O5HD10MSqBIxlTQ2gvqRvpNQ==]}
{"logTime": "0314/174322", "correlationVector":"cGG0Y1HjLTZurkMBsaJDIK.2","action":"EncryptionKeysManager::SetEncryptionKeysWithTimestamps:", "result":"Success", "context":Key timestamps[7]:[2021-08-25T14:25:16Z][2022-02-22T14:49:10Z][2022-09-03T12:44:05Z][2023-03-14T14:32:08Z][2023-09-14T15:02:15Z][2024-03-19T18:47:32Z][2024-09-16T15:32:28Z]}
{"logTime": "0314/174322", "correlationVector":"N14DG/GX9XtXAPNkPp2wKD","action":"Initial GetUpdates", "result":"", "context":Reason: NEW_CLIENT. cV=N14DG/GX9XtXAPNkPp2wKD}
{"logTime": "0314/174322", "correlationVector":"N14DG/GX9XtXAPNkPp2wKD.3","action":"GetUpdates Response", "result":"Success", "context":Received 1 update(s). cV=N14DG/GX9XtXAPNkPp2wKD.0;server=akswtt00600005d;cloudType=Consumer;environment=Prod_westeurope_prod-s01-079-eur-westeurope;migrationStage=NotStarted}
{"logTime": "0314/174322", "correlationVector":"UkFwcw3JGsh7zYiKqmKCXL","action":"Initial GetUpdates", "result":"", "context":Reason: NEWLY_SUPPORTED_DATATYPE. cV=UkFwcw3JGsh7zYiKqmKCXL}
{"logTime": "0314/174323", "correlationVector":"UkFwcw3JGsh7zYiKqmKCXL.1","action":"SyncServerConnectionManagerRequest", "result":"SYNC_SERVER_OK", "context":{"environment":"Prod_westeurope_prod-s01-079-eur-westeurope", "migrationStage":"NotStarted", "server":"akswtt006000017"}}
{"logTime": "0314/174323", "correlationVector":"UkFwcw3JGsh7zYiKqmKCXL.2","action":"ProcessGetUpdates", "result":"Done", "context":{"dataType":"Preferences", "deleted":"0", "process_failed_to_decrypt":"0", "process_pending_decryption":"0", "process_success":"64", "total":"64"}}
{"logTime": "0314/174323", "correlationVector":"UkFwcw3JGsh7zYiKqmKCXL.3","action":"ProcessGetUpdates", "result":"Done", "context":{"dataType":"Passwords", "deleted":"0", "process_failed_to_decrypt":"0", "process_pending_decryption":"0", "process_success":"41", "total":"41"}}
{"logTime": "0314/174323", "correlationVector":"UkFwcw3JGsh7zYiKqmKCXL.4","action":"ProcessGetUpdates", "result":"Done", "context":{"dataType":"Device Info", "deleted":"0", "process_failed_to_decrypt":"0", "process_pending_decryption":"0", "process_success":"6", "total":"6"}}
{"logTime": "0314/174323", "correlationVector":"UkFwcw3JGsh7zYiKqmKCXL.5","action":"GetUpdates Response", "result":"Success", "context":Received 111 update(s). cV=UkFwcw3JGsh7zYiKqmKCXL.0;server=akswtt006000017;cloudType=Consumer;environment=Prod_westeurope_prod-s01-079-eur-westeurope;migrationStage=NotStarted}
{"logTime": "0314/174323", "correlationVector":"R19nAzIsG6g6XJw9E6xXJo","action":"Initial GetUpdates", "result":"", "context":Reason: NEWLY_SUPPORTED_DATATYPE. cV=R19nAzIsG6g6XJw9E6xXJo}
{"logTime": "0314/174323", "correlationVector":"R19nAzIsG6g6XJw9E6xXJo.1","action":"SyncServerConnectionManagerRequest", "result":"SYNC_SERVER_OK", "context":{"environment":"Prod_westeurope_prod-s01-079-eur-westeurope", "migrationStage":"NotStarted", "server":"akswtt00600005y"}}
{"logTime": "0314/174323", "correlationVector":"R19nAzIsG6g6XJw9E6xXJo.2","action":"ProcessGetUpdates", "result":"Done", "context":{"dataType":"Bookmarks", "deleted":"1", "process_failed_to_decrypt":"0", "process_pending_decryption":"0", "process_success":"23", "total":"23"}}
{"logTime": "0314/174323", "correlationVector":"R19nAzIsG6g6XJw9E6xXJo.3","action":"GetUpdates Response", "result":"Success", "context":Received 23 update(s). cV=R19nAzIsG6g6XJw9E6xXJo.0;server=akswtt00600005y;cloudType=Consumer;environment=Prod_westeurope_prod-s01-079-eur-westeurope;migrationStage=NotStarted}
{"logTime": "0314/174323", "correlationVector":"MtZZxOjg7AbqR10dL9FlQf","action":"Initial GetUpdates", "result":"", "context":Reason: NEWLY_SUPPORTED_DATATYPE. cV=MtZZxOjg7AbqR10dL9FlQf}
{"logTime": "0314/174324", "correlationVector":"MtZZxOjg7AbqR10dL9FlQf.1","action":"SyncServerConnectionManagerRequest", "result":"SYNC_SERVER_OK", "context":{"environment":"Prod_westeurope_prod-s01-079-eur-westeurope", "migrationStage":"NotStarted", "server":"akswtt00600000n"}}
{"logTime": "0314/174324", "correlationVector":"MtZZxOjg7AbqR10dL9FlQf.2","action":"ProcessGetUpdates", "result":"Done", "context":{"dataType":"Autofill Profiles", "deleted":"0", "process_failed_to_decrypt":"0", "process_pending_decryption":"0", "process_success":"3", "total":"3"}}
{"logTime": "0314/174324", "correlationVector":"MtZZxOjg7AbqR10dL9FlQf.3","action":"ProcessGetUpdates", "result":"Done", "context":{"dataType":"Autofill", "deleted":"0", "process_failed_to_decrypt":"0", "process_pending_decryption":"0", "process_success":"94", "total":"94"}}
{"logTime": "0314/174324", "correlationVector":"MtZZxOjg7AbqR10dL9FlQf.4","action":"ProcessGetUpdates", "result":"Done", "context":{"dataType":"Sessions", "deleted":"130", "process_failed_to_decrypt":"0", "process_pending_decryption":"0", "process_success":"135", "total":"135"}}
{"logTime": "0314/174324", "correlationVector":"MtZZxOjg7AbqR10dL9FlQf.5","action":"ProcessGetUpdates", "result":"Done", "context":{"dataType":"Edge Hub App Usage", "deleted":"4", "process_failed_to_decrypt":"0", "process_pending_decryption":"0", "process_success":"6", "total":"6"}}
{"logTime": "0314/174324", "correlationVector":"MtZZxOjg7AbqR10dL9FlQf.6","action":"GetUpdates Response", "result":"Success", "context":Received 238 update(s). cV=MtZZxOjg7AbqR10dL9FlQf.0;server=akswtt00600000n;cloudType=Consumer;environment=Prod_westeurope_prod-s01-079-eur-westeurope;migrationStage=NotStarted}
{"logTime": "0314/174324", "correlationVector":"7taKGtHze/okJCtbKVboh/","action":"Initial GetUpdates", "result":"", "context":Reason: NEWLY_SUPPORTED_DATATYPE. cV=7taKGtHze/okJCtbKVboh/}
{"logTime": "0314/174324", "correlationVector":"7taKGtHze/okJCtbKVboh/.1","action":"SyncServerConnectionManagerRequest", "result":"SYNC_SERVER_OK", "context":{"environment":"Prod_westeurope_prod-s01-079-eur-westeurope", "migrationStage":"NotStarted", "server":"akswtt006000008"}}
{"logTime": "0314/174324", "correlationVector":"7taKGtHze/okJCtbKVboh/.2","action":"ProcessGetUpdates", "result":"Done", "context":{"dataType":"History", "deleted":"0", "process_failed_to_decrypt":"0", "process_pending_decryption":"0", "process_success":"176", "total":"176"}}
{"logTime": "0314/174324", "correlationVector":"7taKGtHze/okJCtbKVboh/.3","action":"GetUpdates Response", "result":"Success", "context":Received 176 update(s). cV=7taKGtHze/okJCtbKVboh/.0;server=akswtt006000008;cloudType=Consumer;environment=Prod_westeurope_prod-s01-079-eur-westeurope;migrationStage=NotStarted}
{"logTime": "0314/174324", "correlationVector":"ofFvYH07eQ9AQF8x4Gy1+d","action":"Normal GetUpdate request", "result":"", "context":cV=ofFvYH07eQ9AQF8x4Gy1+d
Nudged types: Sessions, Device Info, User Consents
Refresh requested types: Bookmarks, Preferences, Passwords, Autofill Profiles, Autofill, Extensions, Sessions, Extension settings, History Delete Directives, Device Info, User Consents, Send Tab To Self, Web Apps, History, Collection, Edge E Drop, Edge Hub App Usage, Edge Tab Group, Edge Wallet, Encryption Keys}
{"logTime": "0314/174325", "correlationVector":"ofFvYH07eQ9AQF8x4Gy1+d.1","action":"SyncServerConnectionManagerRequest", "result":"SYNC_SERVER_OK", "context":{"environment":"Prod_westeurope_prod-s01-079-eur-westeurope", "migrationStage":"NotStarted", "server":"akswtt006000004"}}
{"logTime": "0314/174325", "correlationVector":"ofFvYH07eQ9AQF8x4Gy1+d.2","action":"GetUpdates Response", "result":"Success", "context":Received 0 update(s). cV=ofFvYH07eQ9AQF8x4Gy1+d.0;server=akswtt006000004;cloudType=Consumer;environment=Prod_westeurope_prod-s01-079-eur-westeurope;migrationStage=NotStarted}
{"logTime": "0314/174325", "correlationVector":"F13TbaI/NbsIdMjy7YBCmy","action":"DoCompareDataConsistency: ", "result":"has local changes and skip compare"}
{"logTime": "0314/174325", "correlationVector":"PEaQUlQsutYXwndMY5OJzE","action":"Commit Request", "result":"", "context":Item count: 6
Contributing types: Preferences, Sessions, Device Info, User Consents}
{"logTime": "0314/174326", "correlationVector":"PEaQUlQsutYXwndMY5OJzE.1","action":"SyncServerConnectionManagerRequest", "result":"SYNC_SERVER_OK", "context":{"environment":"Prod_westeurope_prod-s01-079-eur-westeurope", "migrationStage":"NotStarted", "server":"akswtt006000008"}}
{"logTime": "0314/174326", "correlationVector":"PEaQUlQsutYXwndMY5OJzE.2","action":"Commit Response", "result":"Success", "context":Result: Success. cV=PEaQUlQsutYXwndMY5OJzE.0;server=akswtt006000008;cloudType=Consumer;environment=Prod_westeurope_prod-s01-079-eur-westeurope;migrationStage=NotStarted}
{"logTime": "0314/174449", "correlationVector":"hHUjxhBXvqg7JfCB1pWbXU.1","action":"SyncServerConnectionManagerRequest", "result":"SYNC_SERVER_OK", "context":{"environment":"Prod_westeurope_prod-s01-079-eur-westeurope", "migrationStage":"NotStarted", "server":"akswtt00600005f"}}
{"logTime": "0314/174449", "correlationVector":"hHUjxhBXvqg7JfCB1pWbXU.2","action":"ProcessGetUpdates", "result":"Done", "context":{"dataType":"Encryption Keys", "deleted":"0", "process_failed_to_decrypt":"0", "process_pending_decryption":"0", "process_success":"1", "total":"1"}}
{"logTime": "0314/174449", "correlationVector":"jKoxmRrFlxBuzHBR5zAdrf","action":"SyncServerConnectionManagerRequest", "result":"SYNC_SERVER_OK", "context":{"environment":"", "migrationStage":"", "server":""}}
{"logTime": "0314/174449", "correlationVector":"jKoxmRrFlxBuzHBR5zAdrf.0","action":"EncryptionKeysFetcher.DownloadKeys:", "result":"Success", "context":Key count: 7, Last key timestamp: 2024-09-16T15:32:28Z}
{"logTime": "0314/174449", "correlationVector":"jKoxmRrFlxBuzHBR5zAdrf.1","action":"EncryptionKeysManager::SetEncryptionKeys:", "result":"Success", "context":Key names[7]:[rizJQMwJOGmPiOna0wFlIP/pZJ9WD79FpMN7/fQeMq/O2Z1gLxse2yoneNJ9RFFmq8SZeLju/V1lkx65rKDtLw==][eC73DrX0kG2OTiiWc/59pWR3SP/MFr862+y0GMvXaoVwzolDHEAVrEN4okKpQhqDabMXw7e1FSra4wQZ+VZ/1g==][uOuKWbojZT8yug7Nk+FOqGbYJ71FUUJiCjLgjOKG+oSrcaSB4dmOmtGfg9zpqiyXwSYDXB6TVMGCIyvP1F1wsw==][kwZOaQWga9UrXrr0pHVILffwAJSHi1+fJSvRwodYVPaXHZOXCXkM0FxtvWkONrMGFakPBmg9xugsEagwNR015w==][DkY34oTprwh+b+UHz5JmR8Ap+ItMXFEWBb5ONdkxT+zZvwU8OYKemeIxEeYWUXh8Yi7LFGFlWsVyVODKc/vuGQ==][0jY58tPUuDgZDIV+vtWzywdXPSEXKh3Z1ybZjTlr1QPIP0PLBrabKGcR0kUaEkkdtKBNg7SloXHQCwPBIEfg9Q==][9+iO5Iz5MnfAxMJGbDVp1FpkTrUXPNvAk1sK5/L7Ptkwr8lJFI4hayeqB1/778O5HD10MSqBIxlTQ2gvqRvpNQ==]}
{"logTime": "0314/174449", "correlationVector":"jKoxmRrFlxBuzHBR5zAdrf.2","action":"EncryptionKeysManager::SetEncryptionKeysWithTimestamps:", "result":"Success", "context":Key timestamps[7]:[2021-08-25T14:25:16Z][2022-02-22T14:49:10Z][2022-09-03T12:44:05Z][2023-03-14T14:32:08Z][2023-09-14T15:02:15Z][2024-03-19T18:47:32Z][2024-09-16T15:32:28Z]}
{"logTime": "0314/174449", "correlationVector":"hHUjxhBXvqg7JfCB1pWbXU","action":"Initial GetUpdates", "result":"", "context":Reason: NEW_CLIENT. cV=hHUjxhBXvqg7JfCB1pWbXU}
{"logTime": "0314/174449", "correlationVector":"hHUjxhBXvqg7JfCB1pWbXU.3","action":"GetUpdates Response", "result":"Success", "context":Received 1 update(s). cV=hHUjxhBXvqg7JfCB1pWbXU.0;server=akswtt00600005f;cloudType=Consumer;environment=Prod_westeurope_prod-s01-079-eur-westeurope;migrationStage=NotStarted}
{"logTime": "0314/174449", "correlationVector":"DJGvbDBU67I5WGJCXaBnYD","action":"Initial GetUpdates", "result":"", "context":Reason: NEWLY_SUPPORTED_DATATYPE. cV=DJGvbDBU67I5WGJCXaBnYD}
{"logTime": "0314/174449", "correlationVector":"DJGvbDBU67I5WGJCXaBnYD.1","action":"SyncServerConnectionManagerRequest", "result":"SYNC_SERVER_OK", "context":{"environment":"Prod_westeurope_prod-s01-079-eur-westeurope", "migrationStage":"NotStarted", "server":"akswtt00600002l"}}
{"logTime": "0314/174449", "correlationVector":"DJGvbDBU67I5WGJCXaBnYD.2","action":"ProcessGetUpdates", "result":"Done", "context":{"dataType":"Passwords", "deleted":"0", "process_failed_to_decrypt":"0", "process_pending_decryption":"0", "process_success":"41", "total":"41"}}
{"logTime": "0314/174449", "correlationVector":"DJGvbDBU67I5WGJCXaBnYD.3","action":"GetUpdates Response", "result":"Success", "context":Received 41 update(s). cV=DJGvbDBU67I5WGJCXaBnYD.0;server=akswtt00600002l;cloudType=Consumer;environment=Prod_westeurope_prod-s01-079-eur-westeurope;migrationStage=NotStarted}
{"logTime": "0314/174450", "correlationVector":"8xavdQJ4fJSj3CrgUZjvKM","action":"Normal GetUpdate request", "result":"", "context":cV=8xavdQJ4fJSj3CrgUZjvKM
Nudged types: Sessions
Refresh requested types: Bookmarks, Preferences, Passwords, Autofill Profiles, Autofill, Extensions, Sessions, Extension settings, History Delete Directives, Device Info, User Consents, Send Tab To Self, Web Apps, History, Collection, Edge E Drop, Edge Hub App Usage, Edge Tab Group, Edge Wallet, Encryption Keys}
{"logTime": "0314/174450", "correlationVector":"8xavdQJ4fJSj3CrgUZjvKM.1","action":"SyncServerConnectionManagerRequest", "result":"SYNC_SERVER_OK", "context":{"environment":"Prod_westeurope_prod-s01-079-eur-westeurope", "migrationStage":"NotStarted", "server":"akswtt00600003i"}}
{"logTime": "0314/174450", "correlationVector":"8xavdQJ4fJSj3CrgUZjvKM.2","action":"ProcessGetUpdates", "result":"Done", "context":{"dataType":"Preferences", "deleted":"0", "process_failed_to_decrypt":"0", "process_pending_decryption":"0", "process_success":"1", "total":"1"}}
{"logTime": "0314/174450", "correlationVector":"8xavdQJ4fJSj3CrgUZjvKM.3","action":"ProcessGetUpdates", "result":"Done", "context":{"dataType":"Sessions", "deleted":"0", "process_failed_to_decrypt":"0", "process_pending_decryption":"0", "process_success":"2", "total":"2"}}
{"logTime": "0314/174450", "correlationVector":"8xavdQJ4fJSj3CrgUZjvKM.4","action":"ProcessGetUpdates", "result":"Done", "context":{"dataType":"Device Info", "deleted":"0", "process_failed_to_decrypt":"0", "process_pending_decryption":"0", "process_success":"1", "total":"1"}}
{"logTime": "0314/174450", "correlationVector":"8xavdQJ4fJSj3CrgUZjvKM.5","action":"GetUpdates Response", "result":"Success", "context":Received 4 update(s). cV=8xavdQJ4fJSj3CrgUZjvKM.0;server=akswtt00600003i;cloudType=Consumer;environment=Prod_westeurope_prod-s01-079-eur-westeurope;migrationStage=NotStarted}
{"logTime": "0314/174450", "correlationVector":"cZ2hDVWCqkicISgHGFWloG","action":"Commit Request", "result":"", "context":Item count: 3
Contributing types: Sessions}
{"logTime": "0314/174450", "correlationVector":"cZ2hDVWCqkicISgHGFWloG.1","action":"SyncServerConnectionManagerRequest", "result":"SYNC_SERVER_OK", "context":{"environment":"Prod_westeurope_prod-s01-079-eur-westeurope", "migrationStage":"NotStarted", "server":"akswtt006000054"}}
{"logTime": "0314/174450", "correlationVector":"cZ2hDVWCqkicISgHGFWloG.3","action":"Commit.Sessions", "result":"Success", "context":{"id":"acdd63bb-759d-4e42-8e82-68e2409ea44b", "isDeleted":"true", "size":"0", "version":"1741974206026"}}
{"logTime": "0314/174450", "correlationVector":"cZ2hDVWCqkicISgHGFWloG.2","action":"Commit Response", "result":"Success", "context":Result: Success. cV=cZ2hDVWCqkicISgHGFWloG.0;server=akswtt006000054;cloudType=Consumer;environment=Prod_westeurope_prod-s01-079-eur-westeurope;migrationStage=NotStarted}
{"logTime": "0314/174453", "correlationVector":"xTu/cFAUgQ38y2meSA7xd1","action":"Commit Request", "result":"", "context":Item count: 3
Contributing types: Preferences, Sessions, History}
{"logTime": "0314/174454", "correlationVector":"xTu/cFAUgQ38y2meSA7xd1.1","action":"SyncServerConnectionManagerRequest", "result":"SYNC_SERVER_OK", "context":{"environment":"Prod_westeurope_prod-s01-080-eur-westeurope", "migrationStage":"NotStarted", "server":"akswtt008000056"}}
{"logTime": "0314/174454", "correlationVector":"xTu/cFAUgQ38y2meSA7xd1.2","action":"Commit Response", "result":"Success", "context":Result: Success. cV=xTu/cFAUgQ38y2meSA7xd1.0;server=akswtt008000056;cloudType=Consumer;environment=Prod_westeurope_prod-s01-080-eur-westeurope;migrationStage=NotStarted}
{"logTime": "0314/174919", "correlationVector":"kmq2Xlwyr347w8I6NtbZN0.1","action":"SyncServerConnectionManagerRequest", "result":"SYNC_SERVER_OK", "context":{"environment":"Prod_westeurope_prod-s01-079-eur-westeurope", "migrationStage":"NotStarted", "server":"akswtt00600004r"}}
{"logTime": "0314/174919", "correlationVector":"kmq2Xlwyr347w8I6NtbZN0.2","action":"ProcessGetUpdates", "result":"Done", "context":{"dataType":"Encryption Keys", "deleted":"0", "process_failed_to_decrypt":"0", "process_pending_decryption":"0", "process_success":"1", "total":"1"}}
{"logTime": "0314/174919", "correlationVector":"AHgTdLFi1ok1NVOusOUR00","action":"SyncServerConnectionManagerRequest", "result":"SYNC_SERVER_OK", "context":{"environment":"", "migrationStage":"", "server":""}}
{"logTime": "0314/174919", "correlationVector":"AHgTdLFi1ok1NVOusOUR00.0","action":"EncryptionKeysFetcher.DownloadKeys:", "result":"Success", "context":Key count: 7, Last key timestamp: 2024-09-16T15:32:28Z}
{"logTime": "0314/174919", "correlationVector":"AHgTdLFi1ok1NVOusOUR00.1","action":"EncryptionKeysManager::SetEncryptionKeys:", "result":"Success", "context":Key names[7]:[rizJQMwJOGmPiOna0wFlIP/pZJ9WD79FpMN7/fQeMq/O2Z1gLxse2yoneNJ9RFFmq8SZeLju/V1lkx65rKDtLw==][eC73DrX0kG2OTiiWc/59pWR3SP/MFr862+y0GMvXaoVwzolDHEAVrEN4okKpQhqDabMXw7e1FSra4wQZ+VZ/1g==][uOuKWbojZT8yug7Nk+FOqGbYJ71FUUJiCjLgjOKG+oSrcaSB4dmOmtGfg9zpqiyXwSYDXB6TVMGCIyvP1F1wsw==][kwZOaQWga9UrXrr0pHVILffwAJSHi1+fJSvRwodYVPaXHZOXCXkM0FxtvWkONrMGFakPBmg9xugsEagwNR015w==][DkY34oTprwh+b+UHz5JmR8Ap+ItMXFEWBb5ONdkxT+zZvwU8OYKemeIxEeYWUXh8Yi7LFGFlWsVyVODKc/vuGQ==][0jY58tPUuDgZDIV+vtWzywdXPSEXKh3Z1ybZjTlr1QPIP0PLBrabKGcR0kUaEkkdtKBNg7SloXHQCwPBIEfg9Q==][9+iO5Iz5MnfAxMJGbDVp1FpkTrUXPNvAk1sK5/L7Ptkwr8lJFI4hayeqB1/778O5HD10MSqBIxlTQ2gvqRvpNQ==]}
{"logTime": "0314/174919", "correlationVector":"AHgTdLFi1ok1NVOusOUR00.2","action":"EncryptionKeysManager::SetEncryptionKeysWithTimestamps:", "result":"Success", "context":Key timestamps[7]:[2021-08-25T14:25:16Z][2022-02-22T14:49:10Z][2022-09-03T12:44:05Z][2023-03-14T14:32:08Z][2023-09-14T15:02:15Z][2024-03-19T18:47:32Z][2024-09-16T15:32:28Z]}
{"logTime": "0314/174919", "correlationVector":"kmq2Xlwyr347w8I6NtbZN0","action":"Initial GetUpdates", "result":"", "context":Reason: NEW_CLIENT. cV=kmq2Xlwyr347w8I6NtbZN0}
{"logTime": "0314/174919", "correlationVector":"kmq2Xlwyr347w8I6NtbZN0.3","action":"GetUpdates Response", "result":"Success", "context":Received 1 update(s). cV=kmq2Xlwyr347w8I6NtbZN0.0;server=akswtt00600004r;cloudType=Consumer;environment=Prod_westeurope_prod-s01-079-eur-westeurope;migrationStage=NotStarted}
{"logTime": "0314/174919", "correlationVector":"Im5sCIAExT0Ol3b+AO6MEe","action":"Initial GetUpdates", "result":"", "context":Reason: NEWLY_SUPPORTED_DATATYPE. cV=Im5sCIAExT0Ol3b+AO6MEe}
{"logTime": "0314/174920", "correlationVector":"Im5sCIAExT0Ol3b+AO6MEe.1","action":"SyncServerConnectionManagerRequest", "result":"SYNC_SERVER_OK", "context":{"environment":"Prod_westeurope_prod-s01-079-eur-westeurope", "migrationStage":"NotStarted", "server":"akswtt006000055"}}
{"logTime": "0314/174920", "correlationVector":"Im5sCIAExT0Ol3b+AO6MEe.2","action":"ProcessGetUpdates", "result":"Done", "context":{"dataType":"Passwords", "deleted":"0", "process_failed_to_decrypt":"0", "process_pending_decryption":"0", "process_success":"41", "total":"41"}}
{"logTime": "0314/174920", "correlationVector":"Im5sCIAExT0Ol3b+AO6MEe.3","action":"GetUpdates Response", "result":"Success", "context":Received 41 update(s). cV=Im5sCIAExT0Ol3b+AO6MEe.0;server=akswtt006000055;cloudType=Consumer;environment=Prod_westeurope_prod-s01-079-eur-westeurope;migrationStage=NotStarted}
{"logTime": "0314/174920", "correlationVector":"V61Vz2qEgqUDi9Z0DefgJB","action":"Normal GetUpdate request", "result":"", "context":cV=V61Vz2qEgqUDi9Z0DefgJB
Nudged types: Sessions, History
Refresh requested types: Bookmarks, Preferences, Passwords, Autofill Profiles, Autofill, Extensions, Sessions, Extension settings, History Delete Directives, Device Info, User Consents, Send Tab To Self, Web Apps, History, Collection, Edge E Drop, Edge Hub App Usage, Edge Tab Group, Edge Wallet, Encryption Keys}
{"logTime": "0314/174920", "correlationVector":"V61Vz2qEgqUDi9Z0DefgJB.1","action":"SyncServerConnectionManagerRequest", "result":"SYNC_SERVER_OK", "context":{"environment":"Prod_westeurope_prod-s01-079-eur-westeurope", "migrationStage":"NotStarted", "server":"akswtt006000040"}}
{"logTime": "0314/174920", "correlationVector":"V61Vz2qEgqUDi9Z0DefgJB.2","action":"ProcessGetUpdates", "result":"Done", "context":{"dataType":"Preferences", "deleted":"0", "process_failed_to_decrypt":"0", "process_pending_decryption":"0", "process_success":"1", "total":"1"}}
{"logTime": "0314/174920", "correlationVector":"V61Vz2qEgqUDi9Z0DefgJB.3","action":"ProcessGetUpdates", "result":"Done", "context":{"dataType":"Sessions", "deleted":"1", "process_failed_to_decrypt":"0", "process_pending_decryption":"0", "process_success":"3", "total":"3"}}
{"logTime": "0314/174920", "correlationVector":"V61Vz2qEgqUDi9Z0DefgJB.4","action":"ProcessGetUpdates", "result":"Done", "context":{"dataType":"History", "deleted":"0", "process_failed_to_decrypt":"0", "process_pending_decryption":"0", "process_success":"2", "total":"2"}}
{"logTime": "0314/174920", "correlationVector":"V61Vz2qEgqUDi9Z0DefgJB.5","action":"GetUpdates Response", "result":"Success", "context":Received 6 update(s). cV=V61Vz2qEgqUDi9Z0DefgJB.0;server=akswtt006000040;cloudType=Consumer;environment=Prod_westeurope_prod-s01-079-eur-westeurope;migrationStage=NotStarted}
{"logTime": "0314/174920", "correlationVector":"Wh2Y+IPMOfuu+T6rRzmobC","action":"Commit Request", "result":"", "context":Item count: 3
Contributing types: Sessions, History}
{"logTime": "0314/174921", "correlationVector":"Wh2Y+IPMOfuu+T6rRzmobC.1","action":"SyncServerConnectionManagerRequest", "result":"SYNC_SERVER_OK", "context":{"environment":"Prod_westeurope_prod-s01-079-eur-westeurope", "migrationStage":"NotStarted", "server":"akswtt00600005q"}}
{"logTime": "0314/174921", "correlationVector":"Wh2Y+IPMOfuu+T6rRzmobC.2","action":"Commit Response", "result":"Success", "context":Result: Success. cV=Wh2Y+IPMOfuu+T6rRzmobC.0;server=akswtt00600005q;cloudType=Consumer;environment=Prod_westeurope_prod-s01-079-eur-westeurope;migrationStage=NotStarted}
{"logTime": "0314/174923", "correlationVector":"cwpG8wDueabSHsO5jpaZtT","action":"Commit Request", "result":"", "context":Item count: 5
Contributing types: Preferences, Sessions, History}
{"logTime": "0314/174924", "correlationVector":"cwpG8wDueabSHsO5jpaZtT.1","action":"SyncServerConnectionManagerRequest", "result":"SYNC_SERVER_OK", "context":{"environment":"Prod_westeurope_prod-s01-079-eur-westeurope", "migrationStage":"NotStarted", "server":"akswtt00600000j"}}
{"logTime": "0314/174924", "correlationVector":"cwpG8wDueabSHsO5jpaZtT.2","action":"Commit Response", "result":"Success", "context":Result: Success. cV=cwpG8wDueabSHsO5jpaZtT.0;server=akswtt00600000j;cloudType=Consumer;environment=Prod_westeurope_prod-s01-079-eur-westeurope;migrationStage=NotStarted}
{"logTime": "0314/174924", "correlationVector":"cwpG8wDueabSHsO5jpaZtT.3","action":"Commit.Sessions", "result":"Success", "context":{"id":"c7012cdf-9c30-4807-b6e7-30dafdf5d49e", "isDeleted":"true", "size":"0", "version":"1741974387619"}}
{"logTime": "0314/175423", "correlationVector":"IdMVhIUYhvM/0FpzBOQwR5.1","action":"SyncServerConnectionManagerRequest", "result":"SYNC_SERVER_OK", "context":{"environment":"Prod_westeurope_prod-s01-080-eur-westeurope", "migrationStage":"NotStarted", "server":"akswtt00800000f"}}
{"logTime": "0314/175423", "correlationVector":"IdMVhIUYhvM/0FpzBOQwR5.2","action":"ProcessGetUpdates", "result":"Done", "context":{"dataType":"Encryption Keys", "deleted":"0", "process_failed_to_decrypt":"0", "process_pending_decryption":"0", "process_success":"1", "total":"1"}}
{"logTime": "0314/175423", "correlationVector":"nt3taz6W+PLsfr30B05oWf","action":"SyncServerConnectionManagerRequest", "result":"SYNC_SERVER_OK", "context":{"environment":"", "migrationStage":"", "server":""}}
{"logTime": "0314/175423", "correlationVector":"nt3taz6W+PLsfr30B05oWf.0","action":"EncryptionKeysFetcher.DownloadKeys:", "result":"Success", "context":Key count: 7, Last key timestamp: 2024-09-16T15:32:28Z}
{"logTime": "0314/175423", "correlationVector":"nt3taz6W+PLsfr30B05oWf.1","action":"EncryptionKeysManager::SetEncryptionKeys:", "result":"Success", "context":Key names[7]:[rizJQMwJOGmPiOna0wFlIP/pZJ9WD79FpMN7/fQeMq/O2Z1gLxse2yoneNJ9RFFmq8SZeLju/V1lkx65rKDtLw==][eC73DrX0kG2OTiiWc/59pWR3SP/MFr862+y0GMvXaoVwzolDHEAVrEN4okKpQhqDabMXw7e1FSra4wQZ+VZ/1g==][uOuKWbojZT8yug7Nk+FOqGbYJ71FUUJiCjLgjOKG+oSrcaSB4dmOmtGfg9zpqiyXwSYDXB6TVMGCIyvP1F1wsw==][kwZOaQWga9UrXrr0pHVILffwAJSHi1+fJSvRwodYVPaXHZOXCXkM0FxtvWkONrMGFakPBmg9xugsEagwNR015w==][DkY34oTprwh+b+UHz5JmR8Ap+ItMXFEWBb5ONdkxT+zZvwU8OYKemeIxEeYWUXh8Yi7LFGFlWsVyVODKc/vuGQ==][0jY58tPUuDgZDIV+vtWzywdXPSEXKh3Z1ybZjTlr1QPIP0PLBrabKGcR0kUaEkkdtKBNg7SloXHQCwPBIEfg9Q==][9+iO5Iz5MnfAxMJGbDVp1FpkTrUXPNvAk1sK5/L7Ptkwr8lJFI4hayeqB1/778O5HD10MSqBIxlTQ2gvqRvpNQ==]}
{"logTime": "0314/175423", "correlationVector":"nt3taz6W+PLsfr30B05oWf.2","action":"EncryptionKeysManager::SetEncryptionKeysWithTimestamps:", "result":"Success", "context":Key timestamps[7]:[2021-08-25T14:25:16Z][2022-02-22T14:49:10Z][2022-09-03T12:44:05Z][2023-03-14T14:32:08Z][2023-09-14T15:02:15Z][2024-03-19T18:47:32Z][2024-09-16T15:32:28Z]}
{"logTime": "0314/175423", "correlationVector":"IdMVhIUYhvM/0FpzBOQwR5","action":"Initial GetUpdates", "result":"", "context":Reason: NEW_CLIENT. cV=IdMVhIUYhvM/0FpzBOQwR5}
{"logTime": "0314/175423", "correlationVector":"IdMVhIUYhvM/0FpzBOQwR5.3","action":"GetUpdates Response", "result":"Success", "context":Received 1 update(s). cV=IdMVhIUYhvM/0FpzBOQwR5.0;server=akswtt00800000f;cloudType=Consumer;environment=Prod_westeurope_prod-s01-080-eur-westeurope;migrationStage=NotStarted}
{"logTime": "0314/175423", "correlationVector":"M6UB5i/8US/wrEC4a7AhAc","action":"Initial GetUpdates", "result":"", "context":Reason: NEWLY_SUPPORTED_DATATYPE. cV=M6UB5i/8US/wrEC4a7AhAc}
{"logTime": "0314/175424", "correlationVector":"M6UB5i/8US/wrEC4a7AhAc.1","action":"SyncServerConnectionManagerRequest", "result":"SYNC_SERVER_OK", "context":{"environment":"Prod_westeurope_prod-s01-080-eur-westeurope", "migrationStage":"NotStarted", "server":"akswtt008000026"}}
{"logTime": "0314/175424", "correlationVector":"M6UB5i/8US/wrEC4a7AhAc.2","action":"ProcessGetUpdates", "result":"Done", "context":{"dataType":"Passwords", "deleted":"0", "process_failed_to_decrypt":"0", "process_pending_decryption":"0", "process_success":"41", "total":"41"}}
{"logTime": "0314/175424", "correlationVector":"M6UB5i/8US/wrEC4a7AhAc.3","action":"GetUpdates Response", "result":"Success", "context":Received 41 update(s). cV=M6UB5i/8US/wrEC4a7AhAc.0;server=akswtt008000026;cloudType=Consumer;environment=Prod_westeurope_prod-s01-080-eur-westeurope;migrationStage=NotStarted}
{"logTime": "0314/175424", "correlationVector":"8GcSd7fp07hHQwJFIe/tLW","action":"Normal GetUpdate request", "result":"", "context":cV=8GcSd7fp07hHQwJFIe/tLW
Nudged types: Sessions
Refresh requested types: Bookmarks, Preferences, Passwords, Autofill Profiles, Autofill, Extensions, Sessions, Extension settings, History Delete Directives, Device Info, User Consents, Send Tab To Self, Web Apps, History, Collection, Edge E Drop, Edge Hub App Usage, Edge Tab Group, Edge Wallet, Encryption Keys}
{"logTime": "0314/175425", "correlationVector":"8GcSd7fp07hHQwJFIe/tLW.1","action":"SyncServerConnectionManagerRequest", "result":"SYNC_SERVER_OK", "context":{"environment":"Prod_westeurope_prod-s01-079-eur-westeurope", "migrationStage":"NotStarted", "server":"akswtt006000054"}}
{"logTime": "0314/175425", "correlationVector":"8GcSd7fp07hHQwJFIe/tLW.2","action":"ProcessGetUpdates", "result":"Done", "context":{"dataType":"Preferences", "deleted":"0", "process_failed_to_decrypt":"0", "process_pending_decryption":"0", "process_success":"1", "total":"1"}}
{"logTime": "0314/175425", "correlationVector":"8GcSd7fp07hHQwJFIe/tLW.3","action":"ProcessGetUpdates", "result":"Done", "context":{"dataType":"Sessions", "deleted":"1", "process_failed_to_decrypt":"0", "process_pending_decryption":"0", "process_success":"3", "total":"3"}}
{"logTime": "0314/175425", "correlationVector":"8GcSd7fp07hHQwJFIe/tLW.4","action":"ProcessGetUpdates", "result":"Done", "context":{"dataType":"History", "deleted":"0", "process_failed_to_decrypt":"0", "process_pending_decryption":"0", "process_success":"3", "total":"3"}}
{"logTime": "0314/175425", "correlationVector":"8GcSd7fp07hHQwJFIe/tLW.5","action":"GetUpdates Response", "result":"Success", "context":Received 7 update(s). cV=8GcSd7fp07hHQwJFIe/tLW.0;server=akswtt006000054;cloudType=Consumer;environment=Prod_westeurope_prod-s01-079-eur-westeurope;migrationStage=NotStarted}
{"logTime": "0314/175425", "correlationVector":"FfZ/J05q8VfVe0fUmtncPP","action":"Commit Request", "result":"", "context":Item count: 3
Contributing types: Sessions}
{"logTime": "0314/175425", "correlationVector":"FfZ/J05q8VfVe0fUmtncPP.1","action":"SyncServerConnectionManagerRequest", "result":"SYNC_SERVER_OK", "context":{"environment":"Prod_westeurope_prod-s01-079-eur-westeurope", "migrationStage":"NotStarted", "server":"akswtt006000040"}}
{"logTime": "0314/175425", "correlationVector":"FfZ/J05q8VfVe0fUmtncPP.2","action":"Commit Response", "result":"Success", "context":Result: Success. cV=FfZ/J05q8VfVe0fUmtncPP.0;server=akswtt006000040;cloudType=Consumer;environment=Prod_westeurope_prod-s01-079-eur-westeurope;migrationStage=NotStarted}
{"logTime": "0314/175425", "correlationVector":"FfZ/J05q8VfVe0fUmtncPP.3","action":"Commit.Sessions", "result":"Success", "context":{"id":"d74ac05f-73af-4851-8601-c6ea78cac43e", "isDeleted":"true", "size":"0", "version":"1741974564041"}}
{"logTime": "0314/175427", "correlationVector":"l46IANVOdY/BhL3NFcnPIh","action":"Commit Request", "result":"", "context":Item count: 3
Contributing types: Preferences, Sessions, History}
{"logTime": "0314/175428", "correlationVector":"l46IANVOdY/BhL3NFcnPIh.1","action":"SyncServerConnectionManagerRequest", "result":"SYNC_SERVER_OK", "context":{"environment":"Prod_westeurope_prod-s01-079-eur-westeurope", "migrationStage":"NotStarted", "server":"akswtt00600005w"}}
{"logTime": "0314/175428", "correlationVector":"l46IANVOdY/BhL3NFcnPIh.2","action":"Commit Response", "result":"Success", "context":Result: Success. cV=l46IANVOdY/BhL3NFcnPIh.0;server=akswtt00600005w;cloudType=Consumer;environment=Prod_westeurope_prod-s01-079-eur-westeurope;migrationStage=NotStarted}
{"logTime": "0314/180524", "correlationVector":"JONhpQt3WFOdU+Xp6lCNuu","action":"Commit Request", "result":"", "context":Item count: 1
Contributing types: Sessions}
{"logTime": "0314/180524", "correlationVector":"JONhpQt3WFOdU+Xp6lCNuu.1","action":"SyncServerConnectionManagerRequest", "result":"SYNC_SERVER_OK", "context":{"environment":"Prod_westeurope_prod-s01-079-eur-westeurope", "migrationStage":"NotStarted", "server":"akswtt00600001z"}}
{"logTime": "0314/180524", "correlationVector":"JONhpQt3WFOdU+Xp6lCNuu.2","action":"Commit Response", "result":"Success", "context":Result: Success. cV=JONhpQt3WFOdU+Xp6lCNuu.0;server=akswtt00600001z;cloudType=Consumer;environment=Prod_westeurope_prod-s01-079-eur-westeurope;migrationStage=NotStarted}
