2025-03-14 17:43:20.680: [INFO][Sync] Reset engine, reason: 8
2025-03-14 17:43:20.680: [INFO][Sync] Stopped: Bookmarks
2025-03-14 17:43:20.680: [INFO][Sync] Stopped: Preferences
2025-03-14 17:43:20.680: [INFO][Sync] Stopped: Passwords
2025-03-14 17:43:20.680: [INFO][Sync] Stopped: Autofill Profiles
2025-03-14 17:43:20.680: [INFO][Sync] Stopped: Autofill
2025-03-14 17:43:20.680: [INFO][Sync] Stopped: Extensions
2025-03-14 17:43:20.680: [INFO][Sync] Stopped: Sessions
2025-03-14 17:43:20.680: [INFO][Sync] Stopped: Extension settings
2025-03-14 17:43:20.680: [INFO][Sync] Stopped: History Delete Directives
2025-03-14 17:43:20.680: [INFO][Sync] Stopped: Device Info
2025-03-14 17:43:20.680: [INFO][Sync] Stopped: User Consents
2025-03-14 17:43:20.680: [INFO][Sync] Stopped: Send Tab To Self
2025-03-14 17:43:20.680: [INFO][Sync] Stopped: Web Apps
2025-03-14 17:43:20.680: [INFO][Sync] Stopped: History
2025-03-14 17:43:20.680: [INFO][Sync] Stopped: Collection
2025-03-14 17:43:20.680: [INFO][Sync] Stopped: Edge E Drop
2025-03-14 17:43:20.680: [INFO][Sync] Stopped: Edge Hub App Usage
2025-03-14 17:43:20.680: [INFO][Sync] Stopped: Edge Tab Group
2025-03-14 17:43:20.680: [INFO][Sync] Stopped: Edge Wallet
2025-03-14 17:43:20.680: [INFO][Sync] SyncState after authenticated was: NotSignedIn
2025-03-14 17:43:20.795: [INFO][Sync] Reset engine, reason: 8
2025-03-14 17:43:20.795: [INFO][Sync] Stopped: Bookmarks
2025-03-14 17:43:20.795: [INFO][Sync] Stopped: Preferences
2025-03-14 17:43:20.795: [INFO][Sync] Stopped: Passwords
2025-03-14 17:43:20.795: [INFO][Sync] Stopped: Autofill Profiles
2025-03-14 17:43:20.795: [INFO][Sync] Stopped: Autofill
2025-03-14 17:43:20.795: [INFO][Sync] Stopped: Extensions
2025-03-14 17:43:20.795: [INFO][Sync] Stopped: Sessions
2025-03-14 17:43:20.795: [INFO][Sync] Stopped: Extension settings
2025-03-14 17:43:20.795: [INFO][Sync] Stopped: History Delete Directives
2025-03-14 17:43:20.795: [INFO][Sync] Stopped: Device Info
2025-03-14 17:43:20.795: [INFO][Sync] Stopped: User Consents
2025-03-14 17:43:20.795: [INFO][Sync] Stopped: Send Tab To Self
2025-03-14 17:43:20.795: [INFO][Sync] Stopped: Web Apps
2025-03-14 17:43:20.795: [INFO][Sync] Stopped: History
2025-03-14 17:43:20.795: [INFO][Sync] Stopped: Collection
2025-03-14 17:43:20.795: [INFO][Sync] Stopped: Edge E Drop
2025-03-14 17:43:20.795: [INFO][Sync] Stopped: Edge Hub App Usage
2025-03-14 17:43:20.795: [INFO][Sync] Stopped: Edge Tab Group
2025-03-14 17:43:20.795: [INFO][Sync] Stopped: Edge Wallet
2025-03-14 17:43:20.864: [INFO][Sync] Try to start sync engine
2025-03-14 17:43:20.865: [INFO][SyncManagerImpl::NudgeForInitialDownload] Initial download nudge for Encryption Keys
2025-03-14 17:43:20.865: [INFO][SyncEngineBackend::LoadAndConnectNigoriController] Load and connect Nigori controller
2025-03-14 17:43:20.865: [INFO][SyncEngineBackend::DoInitialize] Control Types added: Encryption Keys
2025-03-14 17:43:20.865: [INFO][SyncManagerImpl::ConfigureSyncer] Types to download: Encryption Keys with reason: 3
2025-03-14 17:43:20.865: [INFO][SyncSchedulerImpl::DoConfigurationSyncCycleJob] Configure job was blocked
2025-03-14 17:43:20.956: [INFO][SyncAuthManager::SetLastAuthError] Current auth error: None
2025-03-14 17:43:20.956: [INFO][SyncAuthManager::EdgeLogTokenErrorState] Token error with: None for account type: MSA
2025-03-14 17:43:20.956: [INFO][Sync] Credentials changed for: EdgeSyncScopeNew
2025-03-14 17:43:21.526: [INFO][SyncAuthManager::SetLastAuthError] Current auth error: None
2025-03-14 17:43:21.526: [INFO][SyncAuthManager::EdgeLogTokenErrorState] Token error with: None for account type: MSA
2025-03-14 17:43:21.526: [INFO][Sync] Credentials changed for: EdgeSyncKeyDataScope
2025-03-14 17:43:21.526: [INFO][SyncEngineBackend::DoUpdateKeyDataCredentials] Update key data credentials
2025-03-14 17:43:21.526: [INFO][SyncEngineBackend::DoUpdateCredentials] Update credentials
2025-03-14 17:43:21.526: [INFO][SyncSchedulerImpl::DoConfigurationSyncCycleJob] Blocked types:  and types to download: Encryption Keys
2025-03-14 17:43:22.267: [INFO][Sync] Started DataTypeManager configuration, reason: 4
2025-03-14 17:43:22.267: [INFO][Sync] Configuring for: Bookmarks, Preferences, Passwords, Autofill Profiles, Autofill, Extensions, Sessions, Extension settings, History Delete Directives, Device Info, User Consents, Send Tab To Self, Web Apps, History, Collection, Edge E Drop, Edge Hub App Usage, Edge Tab Group, Edge Wallet, Encryption Keys, reason: 3, current state: 0
2025-03-14 17:43:22.267: [WARN][Sync] Crypto error data types: Passwords, Autofill Profiles, Autofill
2025-03-14 17:43:22.267: [INFO][Sync] Configure, desired: Bookmarks, Preferences, Extensions, Sessions, Extension settings, History Delete Directives, Device Info, User Consents, Send Tab To Self, Web Apps, History, Collection, Edge E Drop, Edge Hub App Usage, Edge Tab Group, Edge Wallet, Encryption Keys; Allow fail: Passwords, Autofill Profiles, Autofill
2025-03-14 17:43:22.267: [INFO][Sync] Loading: Bookmarks
2025-03-14 17:43:22.267: [INFO][Sync] Loading: Preferences
2025-03-14 17:43:22.267: [INFO][Sync] Loading: Extensions
2025-03-14 17:43:22.267: [INFO][Sync] Loading: Sessions
2025-03-14 17:43:22.267: [INFO][Sync] Loading: Extension settings
2025-03-14 17:43:22.267: [INFO][Sync] Loading: History Delete Directives
2025-03-14 17:43:22.267: [INFO][Sync] Loading: Device Info
2025-03-14 17:43:22.267: [INFO][Sync] Loading: User Consents
2025-03-14 17:43:22.267: [INFO][Sync] Loading: Send Tab To Self
2025-03-14 17:43:22.267: [INFO][Sync] Loading: Web Apps
2025-03-14 17:43:22.267: [INFO][Sync] Loading: History
2025-03-14 17:43:22.267: [INFO][Sync] Loading: Collection
2025-03-14 17:43:22.267: [INFO][Sync] Loading: Edge E Drop
2025-03-14 17:43:22.267: [INFO][Sync] Loading: Edge Hub App Usage
2025-03-14 17:43:22.267: [INFO][Sync] Loading: Edge Tab Group
2025-03-14 17:43:22.267: [INFO][Sync] Loading: Edge Wallet
2025-03-14 17:43:22.268: [INFO][Sync] All data types are ready for configure.
2025-03-14 17:43:22.716: [INFO][Sync] Started DataTypeManager configuration, reason: 5
2025-03-14 17:43:22.716: [INFO][Sync] Configuring for: Bookmarks, Preferences, Passwords, Autofill Profiles, Autofill, Extensions, Sessions, Extension settings, History Delete Directives, Device Info, User Consents, Send Tab To Self, Web Apps, History, Collection, Edge E Drop, Edge Hub App Usage, Edge Tab Group, Edge Wallet, Encryption Keys, reason: 5, current state: 1
2025-03-14 17:43:22.718: [INFO][SyncEngineBackend::DoStartConfiguration] Start configuration
2025-03-14 17:43:22.718: [INFO][SyncManagerImpl::NudgeForInitialDownload] Initial download nudge for Bookmarks
2025-03-14 17:43:22.718: [INFO][SyncManagerImpl::NudgeForInitialDownload] Initial download nudge for Preferences
2025-03-14 17:43:22.718: [INFO][SyncManagerImpl::NudgeForInitialDownload] Initial download nudge for Extensions
2025-03-14 17:43:22.718: [INFO][SyncManagerImpl::NudgeForInitialDownload] Initial download nudge for Sessions
2025-03-14 17:43:22.718: [INFO][SyncManagerImpl::NudgeForInitialDownload] Initial download nudge for Extension settings
2025-03-14 17:43:22.718: [INFO][SyncManagerImpl::NudgeForInitialDownload] Initial download nudge for History Delete Directives
2025-03-14 17:43:22.718: [INFO][SyncManagerImpl::NudgeForInitialDownload] Initial download nudge for Device Info
2025-03-14 17:43:22.718: [INFO][SyncManagerImpl::NudgeForInitialDownload] Initial download nudge for Send Tab To Self
2025-03-14 17:43:22.718: [INFO][SyncManagerImpl::NudgeForInitialDownload] Initial download nudge for Web Apps
2025-03-14 17:43:22.718: [INFO][SyncManagerImpl::NudgeForInitialDownload] Initial download nudge for History
2025-03-14 17:43:22.718: [INFO][SyncManagerImpl::NudgeForInitialDownload] Initial download nudge for Collection
2025-03-14 17:43:22.718: [INFO][SyncManagerImpl::NudgeForInitialDownload] Initial download nudge for Edge E Drop
2025-03-14 17:43:22.718: [INFO][SyncManagerImpl::NudgeForInitialDownload] Initial download nudge for Edge Hub App Usage
2025-03-14 17:43:22.718: [INFO][SyncManagerImpl::NudgeForInitialDownload] Initial download nudge for Edge Tab Group
2025-03-14 17:43:22.718: [INFO][SyncManagerImpl::NudgeForInitialDownload] Initial download nudge for Edge Wallet
2025-03-14 17:43:22.718: [INFO][SyncManagerImpl::ConfigureSyncer] Types to download:  with reason: 3
2025-03-14 17:43:22.718: [INFO][SyncEngineBackend::DoFinishConfigureDataTypes] Failed to download types:  and succeeded types: 
2025-03-14 17:43:22.718: [INFO][Sync] ConfigurationDone, failed: , succeeded: , remaining count: 4
2025-03-14 17:43:22.718: [WARN][Sync]     Reconfigure requested while configuration ongoing.
2025-03-14 17:43:22.718: [INFO][Sync] Configuring for: Bookmarks, Preferences, Passwords, Autofill Profiles, Autofill, Extensions, Sessions, Extension settings, History Delete Directives, Device Info, User Consents, Send Tab To Self, Web Apps, History, Collection, Edge E Drop, Edge Hub App Usage, Edge Tab Group, Edge Wallet, Encryption Keys, reason: 5, current state: 2
2025-03-14 17:43:22.718: [INFO][Sync] Configure, desired: Bookmarks, Preferences, Passwords, Autofill Profiles, Autofill, Extensions, Sessions, Extension settings, History Delete Directives, Device Info, User Consents, Send Tab To Self, Web Apps, History, Collection, Edge E Drop, Edge Hub App Usage, Edge Tab Group, Edge Wallet, Encryption Keys; Allow fail: 
2025-03-14 17:43:22.718: [INFO][Sync] Loading: Passwords
2025-03-14 17:43:22.718: [INFO][Sync] Loading: Autofill Profiles
2025-03-14 17:43:22.718: [INFO][Sync] Loading: Autofill
2025-03-14 17:43:22.718: [INFO][Sync] All data types are ready for configure.
2025-03-14 17:43:22.718: [INFO][SyncManagerImpl::NudgeForInitialDownload] Initial download nudge for Passwords
2025-03-14 17:43:22.718: [INFO][SyncManagerImpl::NudgeForInitialDownload] Initial download nudge for Autofill Profiles
2025-03-14 17:43:22.718: [INFO][SyncManagerImpl::NudgeForInitialDownload] Initial download nudge for Autofill
2025-03-14 17:43:22.718: [INFO][SyncManagerImpl::ConfigureSyncer] Types to download:  with reason: 5
2025-03-14 17:43:22.718: [INFO][SyncEngineBackend::DoFinishConfigureDataTypes] Failed to download types:  and succeeded types: 
2025-03-14 17:43:22.718: [INFO][Sync] ConfigurationDone, failed: , succeeded: , remaining count: 4
2025-03-14 17:43:22.718: [INFO][Sync] Prepare to configure types: Preferences, Passwords, Device Info, Send Tab To Self, Edge E Drop, Encryption Keys
2025-03-14 17:43:22.718: [INFO][SyncManagerImpl::ConfigureSyncer] Types to download: Preferences, Passwords, Device Info, Send Tab To Self, Edge E Drop, Encryption Keys with reason: 5
2025-03-14 17:43:22.718: [INFO][SyncSchedulerImpl::DoConfigurationSyncCycleJob] Blocked types:  and types to download: Preferences, Passwords, Device Info, Send Tab To Self, Edge E Drop, Encryption Keys
2025-03-14 17:43:23.439: [INFO][SyncEngineBackend::DoFinishConfigureDataTypes] Failed to download types:  and succeeded types: Preferences, Passwords, Device Info, Send Tab To Self, Edge E Drop, Encryption Keys
2025-03-14 17:43:23.441: [INFO][Sync] ConfigurationDone, failed: , succeeded: Preferences, Passwords, Device Info, Send Tab To Self, Edge E Drop, Encryption Keys, remaining count: 3
2025-03-14 17:43:23.441: [INFO][Sync] Prepare to configure types: Bookmarks, Encryption Keys
2025-03-14 17:43:23.441: [INFO][SyncManagerImpl::ConfigureSyncer] Types to download: Bookmarks, Encryption Keys with reason: 5
2025-03-14 17:43:23.441: [INFO][SyncSchedulerImpl::DoConfigurationSyncCycleJob] Blocked types:  and types to download: Bookmarks, Encryption Keys
2025-03-14 17:43:23.746: [INFO][SyncEngineBackend::DoFinishConfigureDataTypes] Failed to download types:  and succeeded types: Bookmarks, Encryption Keys
2025-03-14 17:43:23.752: [INFO][Sync] ConfigurationDone, failed: , succeeded: Bookmarks, Encryption Keys, remaining count: 2
2025-03-14 17:43:23.752: [INFO][Sync] Prepare to configure types: Autofill Profiles, Autofill, Extensions, Sessions, Extension settings, History Delete Directives, Web Apps, Collection, Edge Hub App Usage, Edge Tab Group, Edge Wallet, Encryption Keys
2025-03-14 17:43:23.752: [INFO][SyncManagerImpl::ConfigureSyncer] Types to download: Autofill Profiles, Autofill, Extensions, Sessions, Extension settings, History Delete Directives, Web Apps, Collection, Edge Hub App Usage, Edge Tab Group, Edge Wallet, Encryption Keys with reason: 5
2025-03-14 17:43:23.752: [INFO][SyncSchedulerImpl::DoConfigurationSyncCycleJob] Blocked types:  and types to download: Autofill Profiles, Autofill, Extensions, Sessions, Extension settings, History Delete Directives, Web Apps, Collection, Edge Hub App Usage, Edge Tab Group, Edge Wallet, Encryption Keys
2025-03-14 17:43:24.534: [INFO][SyncEngineBackend::DoFinishConfigureDataTypes] Failed to download types:  and succeeded types: Autofill Profiles, Autofill, Extensions, Sessions, Extension settings, History Delete Directives, Web Apps, Collection, Edge Hub App Usage, Edge Tab Group, Edge Wallet, Encryption Keys
2025-03-14 17:43:24.534: [INFO][Sync] ConfigurationDone, failed: , succeeded: Autofill Profiles, Autofill, Extensions, Sessions, Extension settings, History Delete Directives, Web Apps, Collection, Edge Hub App Usage, Edge Tab Group, Edge Wallet, Encryption Keys, remaining count: 1
2025-03-14 17:43:24.534: [INFO][Sync] Prepare to configure types: History, Encryption Keys
2025-03-14 17:43:24.534: [INFO][SyncManagerImpl::ConfigureSyncer] Types to download: History, Encryption Keys with reason: 5
2025-03-14 17:43:24.534: [INFO][SyncSchedulerImpl::DoConfigurationSyncCycleJob] Blocked types:  and types to download: History, Encryption Keys
2025-03-14 17:43:24.970: [INFO][SyncEngineBackend::DoFinishConfigureDataTypes] Failed to download types:  and succeeded types: History, Encryption Keys
2025-03-14 17:43:24.971: [INFO][Sync] ConfigurationDone, failed: , succeeded: History, Encryption Keys, remaining count: 0
2025-03-14 17:43:24.972: [INFO][Sync]     Configuration completed, state: 7
2025-03-14 17:43:24.972: [INFO][Sync] Configured DataTypeManager: Ok
2025-03-14 17:43:24.972: [INFO][SyncEngineBackend::DoStartSyncing] Start syncing
2025-03-14 17:44:47.902: [INFO][Sync] SyncState after authenticated was: FeatureCanStart
2025-03-14 17:44:48.049: [INFO][Sync] Try to start sync engine
2025-03-14 17:44:48.050: [INFO][SyncManagerImpl::NudgeForInitialDownload] Initial download nudge for Encryption Keys
2025-03-14 17:44:48.050: [INFO][SyncEngineBackend::LoadAndConnectNigoriController] Load and connect Nigori controller
2025-03-14 17:44:48.050: [INFO][SyncEngineBackend::DoInitialize] Control Types added: Encryption Keys
2025-03-14 17:44:48.050: [INFO][SyncManagerImpl::ConfigureSyncer] Types to download: Encryption Keys with reason: 3
2025-03-14 17:44:48.050: [INFO][SyncSchedulerImpl::DoConfigurationSyncCycleJob] Configure job was blocked
2025-03-14 17:44:48.071: [INFO][SyncAuthManager::SetLastAuthError] Current auth error: None
2025-03-14 17:44:48.071: [INFO][SyncAuthManager::EdgeLogTokenErrorState] Token error with: None for account type: MSA
2025-03-14 17:44:48.071: [INFO][Sync] Credentials changed for: EdgeSyncScopeNew
2025-03-14 17:44:48.660: [INFO][SyncAuthManager::SetLastAuthError] Current auth error: None
2025-03-14 17:44:48.660: [INFO][SyncAuthManager::EdgeLogTokenErrorState] Token error with: None for account type: MSA
2025-03-14 17:44:48.660: [INFO][Sync] Credentials changed for: EdgeSyncKeyDataScope
2025-03-14 17:44:48.660: [INFO][SyncEngineBackend::DoUpdateKeyDataCredentials] Update key data credentials
2025-03-14 17:44:48.660: [INFO][SyncEngineBackend::DoUpdateCredentials] Update credentials
2025-03-14 17:44:48.660: [INFO][SyncSchedulerImpl::DoConfigurationSyncCycleJob] Blocked types:  and types to download: Encryption Keys
2025-03-14 17:44:49.025: [INFO][Sync] Started DataTypeManager configuration, reason: 4
2025-03-14 17:44:49.025: [INFO][Sync] Configuring for: Bookmarks, Preferences, Passwords, Autofill Profiles, Autofill, Extensions, Sessions, Extension settings, History Delete Directives, Device Info, User Consents, Send Tab To Self, Web Apps, History, Collection, Edge E Drop, Edge Hub App Usage, Edge Tab Group, Edge Wallet, Encryption Keys, reason: 4, current state: 0
2025-03-14 17:44:49.025: [WARN][Sync] Crypto error data types: Passwords, Autofill Profiles, Autofill
2025-03-14 17:44:49.026: [INFO][Sync] Configure, desired: Bookmarks, Preferences, Extensions, Sessions, Extension settings, History Delete Directives, Device Info, User Consents, Send Tab To Self, Web Apps, History, Collection, Edge E Drop, Edge Hub App Usage, Edge Tab Group, Edge Wallet, Encryption Keys; Allow fail: Passwords, Autofill Profiles, Autofill
2025-03-14 17:44:49.026: [INFO][Sync] Loading: Bookmarks
2025-03-14 17:44:49.026: [INFO][Sync] Loading: Preferences
2025-03-14 17:44:49.026: [INFO][Sync] Loading: Extensions
2025-03-14 17:44:49.026: [INFO][Sync] Loading: Sessions
2025-03-14 17:44:49.026: [INFO][Sync] Loading: Extension settings
2025-03-14 17:44:49.026: [INFO][Sync] Loading: History Delete Directives
2025-03-14 17:44:49.026: [INFO][Sync] Loading: Device Info
2025-03-14 17:44:49.026: [INFO][Sync] Loading: User Consents
2025-03-14 17:44:49.026: [INFO][Sync] Loading: Send Tab To Self
2025-03-14 17:44:49.026: [INFO][Sync] Loading: Web Apps
2025-03-14 17:44:49.026: [INFO][Sync] Loading: History
2025-03-14 17:44:49.026: [INFO][Sync] Loading: Collection
2025-03-14 17:44:49.026: [INFO][Sync] Loading: Edge E Drop
2025-03-14 17:44:49.026: [INFO][Sync] Loading: Edge Hub App Usage
2025-03-14 17:44:49.026: [INFO][Sync] Loading: Edge Tab Group
2025-03-14 17:44:49.026: [INFO][Sync] Loading: Edge Wallet
2025-03-14 17:44:49.027: [INFO][Sync] All data types are ready for configure.
2025-03-14 17:44:49.365: [INFO][Sync] Started DataTypeManager configuration, reason: 5
2025-03-14 17:44:49.365: [INFO][Sync] Configuring for: Bookmarks, Preferences, Passwords, Autofill Profiles, Autofill, Extensions, Sessions, Extension settings, History Delete Directives, Device Info, User Consents, Send Tab To Self, Web Apps, History, Collection, Edge E Drop, Edge Hub App Usage, Edge Tab Group, Edge Wallet, Encryption Keys, reason: 5, current state: 1
2025-03-14 17:44:49.368: [INFO][SyncEngineBackend::DoStartConfiguration] Start configuration
2025-03-14 17:44:49.368: [INFO][SyncManagerImpl::ConfigureSyncer] Types to download:  with reason: 4
2025-03-14 17:44:49.368: [INFO][SyncEngineBackend::DoFinishConfigureDataTypes] Failed to download types:  and succeeded types: 
2025-03-14 17:44:49.368: [INFO][Sync] ConfigurationDone, failed: , succeeded: , remaining count: 4
2025-03-14 17:44:49.368: [WARN][Sync]     Reconfigure requested while configuration ongoing.
2025-03-14 17:44:49.368: [INFO][Sync] Configuring for: Bookmarks, Preferences, Passwords, Autofill Profiles, Autofill, Extensions, Sessions, Extension settings, History Delete Directives, Device Info, User Consents, Send Tab To Self, Web Apps, History, Collection, Edge E Drop, Edge Hub App Usage, Edge Tab Group, Edge Wallet, Encryption Keys, reason: 5, current state: 2
2025-03-14 17:44:49.368: [INFO][Sync] Configure, desired: Bookmarks, Preferences, Passwords, Autofill Profiles, Autofill, Extensions, Sessions, Extension settings, History Delete Directives, Device Info, User Consents, Send Tab To Self, Web Apps, History, Collection, Edge E Drop, Edge Hub App Usage, Edge Tab Group, Edge Wallet, Encryption Keys; Allow fail: 
2025-03-14 17:44:49.368: [INFO][Sync] Loading: Passwords
2025-03-14 17:44:49.368: [INFO][Sync] Loading: Autofill Profiles
2025-03-14 17:44:49.368: [INFO][Sync] Loading: Autofill
2025-03-14 17:44:49.368: [INFO][Sync] All data types are ready for configure.
2025-03-14 17:44:49.368: [INFO][SyncManagerImpl::NudgeForInitialDownload] Initial download nudge for Passwords
2025-03-14 17:44:49.368: [INFO][SyncManagerImpl::ConfigureSyncer] Types to download:  with reason: 5
2025-03-14 17:44:49.368: [INFO][SyncEngineBackend::DoFinishConfigureDataTypes] Failed to download types:  and succeeded types: 
2025-03-14 17:44:49.368: [INFO][Sync] ConfigurationDone, failed: , succeeded: , remaining count: 4
2025-03-14 17:44:49.368: [INFO][Sync] Prepare to configure types: Passwords, Encryption Keys
2025-03-14 17:44:49.368: [INFO][SyncManagerImpl::ConfigureSyncer] Types to download: Passwords, Encryption Keys with reason: 5
2025-03-14 17:44:49.368: [INFO][SyncSchedulerImpl::DoConfigurationSyncCycleJob] Blocked types:  and types to download: Passwords, Encryption Keys
2025-03-14 17:44:49.905: [INFO][SyncEngineBackend::DoFinishConfigureDataTypes] Failed to download types:  and succeeded types: Passwords, Encryption Keys
2025-03-14 17:44:49.905: [INFO][Sync] ConfigurationDone, failed: , succeeded: Passwords, Encryption Keys, remaining count: 3
2025-03-14 17:44:49.905: [INFO][SyncManagerImpl::ConfigureSyncer] Types to download:  with reason: 5
2025-03-14 17:44:49.905: [INFO][SyncEngineBackend::DoFinishConfigureDataTypes] Failed to download types:  and succeeded types: 
2025-03-14 17:44:49.905: [INFO][Sync] ConfigurationDone, failed: , succeeded: , remaining count: 2
2025-03-14 17:44:49.905: [INFO][SyncManagerImpl::ConfigureSyncer] Types to download:  with reason: 5
2025-03-14 17:44:49.905: [INFO][SyncEngineBackend::DoFinishConfigureDataTypes] Failed to download types:  and succeeded types: 
2025-03-14 17:44:49.906: [INFO][Sync] ConfigurationDone, failed: , succeeded: , remaining count: 1
2025-03-14 17:44:49.907: [INFO][SyncManagerImpl::ConfigureSyncer] Types to download:  with reason: 5
2025-03-14 17:44:49.907: [INFO][SyncEngineBackend::DoFinishConfigureDataTypes] Failed to download types:  and succeeded types: 
2025-03-14 17:44:49.907: [INFO][Sync] ConfigurationDone, failed: , succeeded: , remaining count: 0
2025-03-14 17:44:49.908: [INFO][Sync]     Configuration completed, state: 7
2025-03-14 17:44:49.908: [INFO][Sync] Configured DataTypeManager: Ok
2025-03-14 17:44:49.908: [INFO][SyncEngineBackend::DoStartSyncing] Start syncing
2025-03-14 17:46:36.278: [INFO][Sync] Reset engine, reason: 0
2025-03-14 17:46:36.278: [INFO][Sync] Reset engine with reason: 0
2025-03-14 17:49:18.330: [INFO][Sync] SyncState after authenticated was: FeatureCanStart
2025-03-14 17:49:18.482: [INFO][Sync] Try to start sync engine
2025-03-14 17:49:18.483: [INFO][SyncManagerImpl::NudgeForInitialDownload] Initial download nudge for Encryption Keys
2025-03-14 17:49:18.483: [INFO][SyncEngineBackend::LoadAndConnectNigoriController] Load and connect Nigori controller
2025-03-14 17:49:18.483: [INFO][SyncEngineBackend::DoInitialize] Control Types added: Encryption Keys
2025-03-14 17:49:18.483: [INFO][SyncManagerImpl::ConfigureSyncer] Types to download: Encryption Keys with reason: 3
2025-03-14 17:49:18.483: [INFO][SyncSchedulerImpl::DoConfigurationSyncCycleJob] Configure job was blocked
2025-03-14 17:49:18.503: [INFO][SyncAuthManager::SetLastAuthError] Current auth error: None
2025-03-14 17:49:18.503: [INFO][SyncAuthManager::EdgeLogTokenErrorState] Token error with: None for account type: MSA
2025-03-14 17:49:18.503: [INFO][Sync] Credentials changed for: EdgeSyncScopeNew
2025-03-14 17:49:19.095: [INFO][SyncAuthManager::SetLastAuthError] Current auth error: None
2025-03-14 17:49:19.095: [INFO][SyncAuthManager::EdgeLogTokenErrorState] Token error with: None for account type: MSA
2025-03-14 17:49:19.095: [INFO][Sync] Credentials changed for: EdgeSyncKeyDataScope
2025-03-14 17:49:19.095: [INFO][SyncEngineBackend::DoUpdateKeyDataCredentials] Update key data credentials
2025-03-14 17:49:19.095: [INFO][SyncEngineBackend::DoUpdateCredentials] Update credentials
2025-03-14 17:49:19.095: [INFO][SyncSchedulerImpl::DoConfigurationSyncCycleJob] Blocked types:  and types to download: Encryption Keys
2025-03-14 17:49:19.457: [INFO][Sync] Started DataTypeManager configuration, reason: 4
2025-03-14 17:49:19.457: [INFO][Sync] Configuring for: Bookmarks, Preferences, Passwords, Autofill Profiles, Autofill, Extensions, Sessions, Extension settings, History Delete Directives, Device Info, User Consents, Send Tab To Self, Web Apps, History, Collection, Edge E Drop, Edge Hub App Usage, Edge Tab Group, Edge Wallet, Encryption Keys, reason: 4, current state: 0
2025-03-14 17:49:19.457: [WARN][Sync] Crypto error data types: Passwords, Autofill Profiles, Autofill
2025-03-14 17:49:19.458: [INFO][Sync] Configure, desired: Bookmarks, Preferences, Extensions, Sessions, Extension settings, History Delete Directives, Device Info, User Consents, Send Tab To Self, Web Apps, History, Collection, Edge E Drop, Edge Hub App Usage, Edge Tab Group, Edge Wallet, Encryption Keys; Allow fail: Passwords, Autofill Profiles, Autofill
2025-03-14 17:49:19.458: [INFO][Sync] Loading: Bookmarks
2025-03-14 17:49:19.458: [INFO][Sync] Loading: Preferences
2025-03-14 17:49:19.458: [INFO][Sync] Loading: Extensions
2025-03-14 17:49:19.458: [INFO][Sync] Loading: Sessions
2025-03-14 17:49:19.458: [INFO][Sync] Loading: Extension settings
2025-03-14 17:49:19.458: [INFO][Sync] Loading: History Delete Directives
2025-03-14 17:49:19.458: [INFO][Sync] Loading: Device Info
2025-03-14 17:49:19.458: [INFO][Sync] Loading: User Consents
2025-03-14 17:49:19.458: [INFO][Sync] Loading: Send Tab To Self
2025-03-14 17:49:19.458: [INFO][Sync] Loading: Web Apps
2025-03-14 17:49:19.458: [INFO][Sync] Loading: History
2025-03-14 17:49:19.459: [INFO][Sync] Loading: Collection
2025-03-14 17:49:19.459: [INFO][Sync] Loading: Edge E Drop
2025-03-14 17:49:19.459: [INFO][Sync] Loading: Edge Hub App Usage
2025-03-14 17:49:19.459: [INFO][Sync] Loading: Edge Tab Group
2025-03-14 17:49:19.459: [INFO][Sync] Loading: Edge Wallet
2025-03-14 17:49:19.462: [INFO][Sync] All data types are ready for configure.
2025-03-14 17:49:19.878: [INFO][Sync] Started DataTypeManager configuration, reason: 5
2025-03-14 17:49:19.878: [INFO][Sync] Configuring for: Bookmarks, Preferences, Passwords, Autofill Profiles, Autofill, Extensions, Sessions, Extension settings, History Delete Directives, Device Info, User Consents, Send Tab To Self, Web Apps, History, Collection, Edge E Drop, Edge Hub App Usage, Edge Tab Group, Edge Wallet, Encryption Keys, reason: 5, current state: 1
2025-03-14 17:49:19.881: [INFO][SyncEngineBackend::DoStartConfiguration] Start configuration
2025-03-14 17:49:19.881: [INFO][SyncManagerImpl::ConfigureSyncer] Types to download:  with reason: 4
2025-03-14 17:49:19.881: [INFO][SyncEngineBackend::DoFinishConfigureDataTypes] Failed to download types:  and succeeded types: 
2025-03-14 17:49:19.881: [INFO][Sync] ConfigurationDone, failed: , succeeded: , remaining count: 4
2025-03-14 17:49:19.881: [WARN][Sync]     Reconfigure requested while configuration ongoing.
2025-03-14 17:49:19.881: [INFO][Sync] Configuring for: Bookmarks, Preferences, Passwords, Autofill Profiles, Autofill, Extensions, Sessions, Extension settings, History Delete Directives, Device Info, User Consents, Send Tab To Self, Web Apps, History, Collection, Edge E Drop, Edge Hub App Usage, Edge Tab Group, Edge Wallet, Encryption Keys, reason: 5, current state: 2
2025-03-14 17:49:19.881: [INFO][Sync] Configure, desired: Bookmarks, Preferences, Passwords, Autofill Profiles, Autofill, Extensions, Sessions, Extension settings, History Delete Directives, Device Info, User Consents, Send Tab To Self, Web Apps, History, Collection, Edge E Drop, Edge Hub App Usage, Edge Tab Group, Edge Wallet, Encryption Keys; Allow fail: 
2025-03-14 17:49:19.881: [INFO][Sync] Loading: Passwords
2025-03-14 17:49:19.881: [INFO][Sync] Loading: Autofill Profiles
2025-03-14 17:49:19.881: [INFO][Sync] Loading: Autofill
2025-03-14 17:49:19.881: [INFO][Sync] All data types are ready for configure.
2025-03-14 17:49:19.881: [INFO][SyncManagerImpl::NudgeForInitialDownload] Initial download nudge for Passwords
2025-03-14 17:49:19.881: [INFO][SyncManagerImpl::ConfigureSyncer] Types to download:  with reason: 5
2025-03-14 17:49:19.881: [INFO][SyncEngineBackend::DoFinishConfigureDataTypes] Failed to download types:  and succeeded types: 
2025-03-14 17:49:19.881: [INFO][Sync] ConfigurationDone, failed: , succeeded: , remaining count: 4
2025-03-14 17:49:19.881: [INFO][Sync] Prepare to configure types: Passwords, Encryption Keys
2025-03-14 17:49:19.881: [INFO][SyncManagerImpl::ConfigureSyncer] Types to download: Passwords, Encryption Keys with reason: 5
2025-03-14 17:49:19.881: [INFO][SyncSchedulerImpl::DoConfigurationSyncCycleJob] Blocked types:  and types to download: Passwords, Encryption Keys
2025-03-14 17:49:20.373: [INFO][SyncEngineBackend::DoFinishConfigureDataTypes] Failed to download types:  and succeeded types: Passwords, Encryption Keys
2025-03-14 17:49:20.374: [INFO][Sync] ConfigurationDone, failed: , succeeded: Passwords, Encryption Keys, remaining count: 3
2025-03-14 17:49:20.374: [INFO][SyncManagerImpl::ConfigureSyncer] Types to download:  with reason: 5
2025-03-14 17:49:20.374: [INFO][SyncEngineBackend::DoFinishConfigureDataTypes] Failed to download types:  and succeeded types: 
2025-03-14 17:49:20.374: [INFO][Sync] ConfigurationDone, failed: , succeeded: , remaining count: 2
2025-03-14 17:49:20.374: [INFO][SyncManagerImpl::ConfigureSyncer] Types to download:  with reason: 5
2025-03-14 17:49:20.374: [INFO][SyncEngineBackend::DoFinishConfigureDataTypes] Failed to download types:  and succeeded types: 
2025-03-14 17:49:20.375: [INFO][Sync] ConfigurationDone, failed: , succeeded: , remaining count: 1
2025-03-14 17:49:20.376: [INFO][SyncManagerImpl::ConfigureSyncer] Types to download:  with reason: 5
2025-03-14 17:49:20.376: [INFO][SyncEngineBackend::DoFinishConfigureDataTypes] Failed to download types:  and succeeded types: 
2025-03-14 17:49:20.376: [INFO][Sync] ConfigurationDone, failed: , succeeded: , remaining count: 0
2025-03-14 17:49:20.377: [INFO][Sync]     Configuration completed, state: 7
2025-03-14 17:49:20.377: [INFO][Sync] Configured DataTypeManager: Ok
2025-03-14 17:49:20.377: [INFO][SyncEngineBackend::DoStartSyncing] Start syncing
2025-03-14 17:54:21.404: [INFO][Sync] SyncState after authenticated was: FeatureCanStart
2025-03-14 17:54:21.549: [INFO][Sync] Try to start sync engine
2025-03-14 17:54:21.550: [INFO][SyncManagerImpl::NudgeForInitialDownload] Initial download nudge for Encryption Keys
2025-03-14 17:54:21.550: [INFO][SyncEngineBackend::LoadAndConnectNigoriController] Load and connect Nigori controller
2025-03-14 17:54:21.550: [INFO][SyncEngineBackend::DoInitialize] Control Types added: Encryption Keys
2025-03-14 17:54:21.550: [INFO][SyncManagerImpl::ConfigureSyncer] Types to download: Encryption Keys with reason: 3
2025-03-14 17:54:21.550: [INFO][SyncSchedulerImpl::DoConfigurationSyncCycleJob] Configure job was blocked
2025-03-14 17:54:21.574: [INFO][SyncAuthManager::SetLastAuthError] Current auth error: None
2025-03-14 17:54:21.574: [INFO][SyncAuthManager::EdgeLogTokenErrorState] Token error with: None for account type: MSA
2025-03-14 17:54:21.574: [INFO][Sync] Credentials changed for: EdgeSyncScopeNew
2025-03-14 17:54:22.398: [INFO][SyncAuthManager::SetLastAuthError] Current auth error: None
2025-03-14 17:54:22.398: [INFO][SyncAuthManager::EdgeLogTokenErrorState] Token error with: None for account type: MSA
2025-03-14 17:54:22.398: [INFO][Sync] Credentials changed for: EdgeSyncKeyDataScope
2025-03-14 17:54:22.398: [INFO][SyncEngineBackend::DoUpdateKeyDataCredentials] Update key data credentials
2025-03-14 17:54:22.398: [INFO][SyncEngineBackend::DoUpdateCredentials] Update credentials
2025-03-14 17:54:22.398: [INFO][SyncSchedulerImpl::DoConfigurationSyncCycleJob] Blocked types:  and types to download: Encryption Keys
2025-03-14 17:54:23.220: [INFO][Sync] Started DataTypeManager configuration, reason: 4
2025-03-14 17:54:23.221: [INFO][Sync] Configuring for: Bookmarks, Preferences, Passwords, Autofill Profiles, Autofill, Extensions, Sessions, Extension settings, History Delete Directives, Device Info, User Consents, Send Tab To Self, Web Apps, History, Collection, Edge E Drop, Edge Hub App Usage, Edge Tab Group, Edge Wallet, Encryption Keys, reason: 4, current state: 0
2025-03-14 17:54:23.221: [WARN][Sync] Crypto error data types: Passwords, Autofill Profiles, Autofill
2025-03-14 17:54:23.221: [INFO][Sync] Configure, desired: Bookmarks, Preferences, Extensions, Sessions, Extension settings, History Delete Directives, Device Info, User Consents, Send Tab To Self, Web Apps, History, Collection, Edge E Drop, Edge Hub App Usage, Edge Tab Group, Edge Wallet, Encryption Keys; Allow fail: Passwords, Autofill Profiles, Autofill
2025-03-14 17:54:23.221: [INFO][Sync] Loading: Bookmarks
2025-03-14 17:54:23.221: [INFO][Sync] Loading: Preferences
2025-03-14 17:54:23.221: [INFO][Sync] Loading: Extensions
2025-03-14 17:54:23.221: [INFO][Sync] Loading: Sessions
2025-03-14 17:54:23.221: [INFO][Sync] Loading: Extension settings
2025-03-14 17:54:23.221: [INFO][Sync] Loading: History Delete Directives
2025-03-14 17:54:23.221: [INFO][Sync] Loading: Device Info
2025-03-14 17:54:23.221: [INFO][Sync] Loading: User Consents
2025-03-14 17:54:23.221: [INFO][Sync] Loading: Send Tab To Self
2025-03-14 17:54:23.221: [INFO][Sync] Loading: Web Apps
2025-03-14 17:54:23.221: [INFO][Sync] Loading: History
2025-03-14 17:54:23.221: [INFO][Sync] Loading: Collection
2025-03-14 17:54:23.221: [INFO][Sync] Loading: Edge E Drop
2025-03-14 17:54:23.221: [INFO][Sync] Loading: Edge Hub App Usage
2025-03-14 17:54:23.221: [INFO][Sync] Loading: Edge Tab Group
2025-03-14 17:54:23.222: [INFO][Sync] Loading: Edge Wallet
2025-03-14 17:54:23.223: [INFO][Sync] All data types are ready for configure.
2025-03-14 17:54:23.697: [INFO][Sync] Started DataTypeManager configuration, reason: 5
2025-03-14 17:54:23.697: [INFO][Sync] Configuring for: Bookmarks, Preferences, Passwords, Autofill Profiles, Autofill, Extensions, Sessions, Extension settings, History Delete Directives, Device Info, User Consents, Send Tab To Self, Web Apps, History, Collection, Edge E Drop, Edge Hub App Usage, Edge Tab Group, Edge Wallet, Encryption Keys, reason: 5, current state: 1
2025-03-14 17:54:23.700: [INFO][SyncEngineBackend::DoStartConfiguration] Start configuration
2025-03-14 17:54:23.700: [INFO][SyncManagerImpl::ConfigureSyncer] Types to download:  with reason: 4
2025-03-14 17:54:23.700: [INFO][SyncEngineBackend::DoFinishConfigureDataTypes] Failed to download types:  and succeeded types: 
2025-03-14 17:54:23.700: [INFO][Sync] ConfigurationDone, failed: , succeeded: , remaining count: 4
2025-03-14 17:54:23.700: [WARN][Sync]     Reconfigure requested while configuration ongoing.
2025-03-14 17:54:23.700: [INFO][Sync] Configuring for: Bookmarks, Preferences, Passwords, Autofill Profiles, Autofill, Extensions, Sessions, Extension settings, History Delete Directives, Device Info, User Consents, Send Tab To Self, Web Apps, History, Collection, Edge E Drop, Edge Hub App Usage, Edge Tab Group, Edge Wallet, Encryption Keys, reason: 5, current state: 2
2025-03-14 17:54:23.700: [INFO][Sync] Configure, desired: Bookmarks, Preferences, Passwords, Autofill Profiles, Autofill, Extensions, Sessions, Extension settings, History Delete Directives, Device Info, User Consents, Send Tab To Self, Web Apps, History, Collection, Edge E Drop, Edge Hub App Usage, Edge Tab Group, Edge Wallet, Encryption Keys; Allow fail: 
2025-03-14 17:54:23.700: [INFO][Sync] Loading: Passwords
2025-03-14 17:54:23.700: [INFO][Sync] Loading: Autofill Profiles
2025-03-14 17:54:23.700: [INFO][Sync] Loading: Autofill
2025-03-14 17:54:23.700: [INFO][Sync] All data types are ready for configure.
2025-03-14 17:54:23.700: [INFO][SyncManagerImpl::NudgeForInitialDownload] Initial download nudge for Passwords
2025-03-14 17:54:23.700: [INFO][SyncManagerImpl::ConfigureSyncer] Types to download:  with reason: 5
2025-03-14 17:54:23.700: [INFO][SyncEngineBackend::DoFinishConfigureDataTypes] Failed to download types:  and succeeded types: 
2025-03-14 17:54:23.700: [INFO][Sync] ConfigurationDone, failed: , succeeded: , remaining count: 4
2025-03-14 17:54:23.700: [INFO][Sync] Prepare to configure types: Passwords, Encryption Keys
2025-03-14 17:54:23.700: [INFO][SyncManagerImpl::ConfigureSyncer] Types to download: Passwords, Encryption Keys with reason: 5
2025-03-14 17:54:23.700: [INFO][SyncSchedulerImpl::DoConfigurationSyncCycleJob] Blocked types:  and types to download: Passwords, Encryption Keys
2025-03-14 17:54:24.313: [INFO][SyncEngineBackend::DoFinishConfigureDataTypes] Failed to download types:  and succeeded types: Passwords, Encryption Keys
2025-03-14 17:54:24.314: [INFO][Sync] ConfigurationDone, failed: , succeeded: Passwords, Encryption Keys, remaining count: 3
2025-03-14 17:54:24.314: [INFO][SyncManagerImpl::ConfigureSyncer] Types to download:  with reason: 5
2025-03-14 17:54:24.314: [INFO][SyncEngineBackend::DoFinishConfigureDataTypes] Failed to download types:  and succeeded types: 
2025-03-14 17:54:24.314: [INFO][Sync] ConfigurationDone, failed: , succeeded: , remaining count: 2
2025-03-14 17:54:24.314: [INFO][SyncManagerImpl::ConfigureSyncer] Types to download:  with reason: 5
2025-03-14 17:54:24.314: [INFO][SyncEngineBackend::DoFinishConfigureDataTypes] Failed to download types:  and succeeded types: 
2025-03-14 17:54:24.315: [INFO][Sync] ConfigurationDone, failed: , succeeded: , remaining count: 1
2025-03-14 17:54:24.316: [INFO][SyncManagerImpl::ConfigureSyncer] Types to download:  with reason: 5
2025-03-14 17:54:24.316: [INFO][SyncEngineBackend::DoFinishConfigureDataTypes] Failed to download types:  and succeeded types: 
2025-03-14 17:54:24.316: [INFO][Sync] ConfigurationDone, failed: , succeeded: , remaining count: 0
2025-03-14 17:54:24.316: [INFO][Sync]     Configuration completed, state: 7
2025-03-14 17:54:24.317: [INFO][Sync] Configured DataTypeManager: Ok
2025-03-14 17:54:24.317: [INFO][SyncEngineBackend::DoStartSyncing] Start syncing
2025-03-14 18:12:07.269: [INFO][Sync] Reset engine, reason: 0
2025-03-14 18:12:07.269: [INFO][Sync] Reset engine with reason: 0
